# JRE version: OpenJDK Runtime Environment (8.0_191-b12) (build 1.8.0_191-8u191-b12-2ubuntu0.16.04.1-b12)
# Java VM: OpenJDK 64-Bit Server VM (25.191-b12 mixed mode linux-amd64 compressed oops)
Heap:
 PSYoungGen      total 290304K, used 0K [0x00000000eab00000, 0x0000000100000000, 0x0000000100000000)
  eden space 231424K, 0% used [0x00000000eab00000,0x00000000eab00000,0x00000000f8d00000)
  from space 58880K, 0% used [0x00000000f8d00000,0x00000000f8d00000,0x00000000fc680000)
  to   space 58880K, 0% used [0x00000000fc680000,0x00000000fc680000,0x0000000100000000)
 ParOldGen       total 156160K, used 140638K [0x00000000c0000000, 0x00000000c9880000, 0x00000000eab00000)
  object space 156160K, 90% used [0x00000000c0000000,0x00000000c8957858,0x00000000c9880000)
 Metaspace       used 84044K, capacity 86920K, committed 87384K, reserved 1124352K
  class space    used 10856K, capacity 11500K, committed 11648K, reserved 1048576K
GC Heap History (10 events):
Event: 38.847 GC heap after
Heap after GC invocations=12 (full 3):
 PSYoungGen      total 274432K, used 26110K [0x00000000eab00000, 0x0000000100000000, 0x0000000100000000)
  eden space 248320K, 0% used [0x00000000eab00000,0x00000000eab00000,0x00000000f9d80000)
  from space 26112K, 99% used [0x00000000f9d80000,0x00000000fb6ff868,0x00000000fb700000)
  to   space 30720K, 0% used [0x00000000fe200000,0x00000000fe200000,0x0000000100000000)
 ParOldGen       total 156160K, used 38687K [0x00000000c0000000, 0x00000000c9880000, 0x00000000eab00000)
  object space 156160K, 24% used [0x00000000c0000000,0x00000000c25c7dd0,0x00000000c9880000)
 Metaspace       used 69599K, capacity 71604K, committed 71896K, reserved 1112064K
  class space    used 9273K, capacity 9866K, committed 9984K, reserved 1048576K
}
Event: 50.516 GC heap before
{Heap before GC invocations=13 (full 3):
 PSYoungGen      total 274432K, used 274430K [0x00000000eab00000, 0x0000000100000000, 0x0000000100000000)
  eden space 248320K, 100% used [0x00000000eab00000,0x00000000f9d80000,0x00000000f9d80000)
  from space 26112K, 99% used [0x00000000f9d80000,0x00000000fb6ff868,0x00000000fb700000)
  to   space 30720K, 0% used [0x00000000fe200000,0x00000000fe200000,0x0000000100000000)
 ParOldGen       total 156160K, used 38687K [0x00000000c0000000, 0x00000000c9880000, 0x00000000eab00000)
  object space 156160K, 24% used [0x00000000c0000000,0x00000000c25c7dd0,0x00000000c9880000)
 Metaspace       used 73300K, capacity 75522K, committed 75736K, reserved 1114112K
  class space    used 9599K, capacity 10193K, committed 10240K, reserved 1048576K
Event: 50.557 GC heap after
Heap after GC invocations=13 (full 3):
 PSYoungGen      total 314368K, used 24794K [0x00000000eab00000, 0x0000000100000000, 0x0000000100000000)
  eden space 283648K, 0% used [0x00000000eab00000,0x00000000eab00000,0x00000000fc000000)
  from space 30720K, 80% used [0x00000000fe200000,0x00000000ffa36aa8,0x0000000100000000)
  to   space 32768K, 0% used [0x00000000fc000000,0x00000000fc000000,0x00000000fe000000)
 ParOldGen       total 156160K, used 38695K [0x00000000c0000000, 0x00000000c9880000, 0x00000000eab00000)
  object space 156160K, 24% used [0x00000000c0000000,0x00000000c25c9dd0,0x00000000c9880000)
 Metaspace       used 73300K, capacity 75522K, committed 75736K, reserved 1114112K
  class space    used 9599K, capacity 10193K, committed 10240K, reserved 1048576K
}
Event: 73.715 GC heap before
{Heap before GC invocations=14 (full 3):
 PSYoungGen      total 314368K, used 308442K [0x00000000eab00000, 0x0000000100000000, 0x0000000100000000)
  eden space 283648K, 100% used [0x00000000eab00000,0x00000000fc000000,0x00000000fc000000)
  from space 30720K, 80% used [0x00000000fe200000,0x00000000ffa36aa8,0x0000000100000000)
  to   space 32768K, 0% used [0x00000000fc000000,0x00000000fc000000,0x00000000fe000000)
 ParOldGen       total 156160K, used 38695K [0x00000000c0000000, 0x00000000c9880000, 0x00000000eab00000)
  object space 156160K, 24% used [0x00000000c0000000,0x00000000c25c9dd0,0x00000000c9880000)
 Metaspace       used 74405K, capacity 76702K, committed 76888K, reserved 1116160K
  class space    used 9685K, capacity 10261K, committed 10368K, reserved 1048576K
Event: 73.887 GC heap after
Heap after GC invocations=14 (full 3):
 PSYoungGen      total 316416K, used 32737K [0x00000000eab00000, 0x0000000100000000, 0x0000000100000000)
  eden space 283648K, 0% used [0x00000000eab00000,0x00000000eab00000,0x00000000fc000000)
  from space 32768K, 99% used [0x00000000fc000000,0x00000000fdff8640,0x00000000fe000000)
  to   space 32768K, 0% used [0x00000000fe000000,0x00000000fe000000,0x0000000100000000)
 ParOldGen       total 156160K, used 59588K [0x00000000c0000000, 0x00000000c9880000, 0x00000000eab00000)
  object space 156160K, 38% used [0x00000000c0000000,0x00000000c3a31398,0x00000000c9880000)
 Metaspace       used 74405K, capacity 76702K, committed 76888K, reserved 1116160K
  class space    used 9685K, capacity 10261K, committed 10368K, reserved 1048576K
}
Event: 80.959 GC heap before
{Heap before GC invocations=15 (full 3):
 PSYoungGen      total 316416K, used 316385K [0x00000000eab00000, 0x0000000100000000, 0x0000000100000000)
  eden space 283648K, 100% used [0x00000000eab00000,0x00000000fc000000,0x00000000fc000000)
  from space 32768K, 99% used [0x00000000fc000000,0x00000000fdff8640,0x00000000fe000000)
  to   space 32768K, 0% used [0x00000000fe000000,0x00000000fe000000,0x0000000100000000)
 ParOldGen       total 156160K, used 59588K [0x00000000c0000000, 0x00000000c9880000, 0x00000000eab00000)
  object space 156160K, 38% used [0x00000000c0000000,0x00000000c3a31398,0x00000000c9880000)
 Metaspace       used 83601K, capacity 86572K, committed 86744K, reserved 1124352K
  class space    used 10816K, capacity 11480K, committed 11520K, reserved 1048576K
Event: 81.091 GC heap after
Heap after GC invocations=15 (full 3):
 PSYoungGen      total 264192K, used 32752K [0x00000000eab00000, 0x0000000100000000, 0x0000000100000000)
  eden space 231424K, 0% used [0x00000000eab00000,0x00000000eab00000,0x00000000f8d00000)
  from space 32768K, 99% used [0x00000000fe000000,0x00000000ffffc170,0x0000000100000000)
  to   space 58880K, 0% used [0x00000000f8d00000,0x00000000f8d00000,0x00000000fc680000)
 ParOldGen       total 156160K, used 88521K [0x00000000c0000000, 0x00000000c9880000, 0x00000000eab00000)
  object space 156160K, 56% used [0x00000000c0000000,0x00000000c5672788,0x00000000c9880000)
 Metaspace       used 83601K, capacity 86572K, committed 86744K, reserved 1124352K
  class space    used 10816K, capacity 11480K, committed 11520K, reserved 1048576K
}
Event: 82.965 GC heap before
{Heap before GC invocations=16 (full 3):
 PSYoungGen      total 264192K, used 264176K [0x00000000eab00000, 0x0000000100000000, 0x0000000100000000)
  eden space 231424K, 100% used [0x00000000eab00000,0x00000000f8d00000,0x00000000f8d00000)
  from space 32768K, 99% used [0x00000000fe000000,0x00000000ffffc170,0x0000000100000000)
  to   space 58880K, 0% used [0x00000000f8d00000,0x00000000f8d00000,0x00000000fc680000)
 ParOldGen       total 156160K, used 88521K [0x00000000c0000000, 0x00000000c9880000, 0x00000000eab00000)
  object space 156160K, 56% used [0x00000000c0000000,0x00000000c5672788,0x00000000c9880000)
 Metaspace       used 84105K, capacity 87104K, committed 87384K, reserved 1124352K
  class space    used 10875K, capacity 11530K, committed 11648K, reserved 1048576K
Event: 83.030 GC heap after
Heap after GC invocations=16 (full 3):
 PSYoungGen      total 290304K, used 58857K [0x00000000eab00000, 0x0000000100000000, 0x0000000100000000)
  eden space 231424K, 0% used [0x00000000eab00000,0x00000000eab00000,0x00000000f8d00000)
  from space 58880K, 99% used [0x00000000f8d00000,0x00000000fc67a438,0x00000000fc680000)
  to   space 58880K, 0% used [0x00000000fc680000,0x00000000fc680000,0x0000000100000000)
 ParOldGen       total 156160K, used 139452K [0x00000000c0000000, 0x00000000c9880000, 0x00000000eab00000)
  object space 156160K, 89% used [0x00000000c0000000,0x00000000c882f178,0x00000000c9880000)
 Metaspace       used 84105K, capacity 87104K, committed 87384K, reserved 1124352K
  class space    used 10875K, capacity 11530K, committed 11648K, reserved 1048576K
}
Event: 83.080 GC heap before
{Heap before GC invocations=17 (full 4):
 PSYoungGen      total 290304K, used 58857K [0x00000000eab00000, 0x0000000100000000, 0x0000000100000000)
  eden space 231424K, 0% used [0x00000000eab00000,0x00000000eab00000,0x00000000f8d00000)
  from space 58880K, 99% used [0x00000000f8d00000,0x00000000fc67a438,0x00000000fc680000)
  to   space 58880K, 0% used [0x00000000fc680000,0x00000000fc680000,0x0000000100000000)
 ParOldGen       total 156160K, used 139452K [0x00000000c0000000, 0x00000000c9880000, 0x00000000eab00000)
  object space 156160K, 89% used [0x00000000c0000000,0x00000000c882f178,0x00000000c9880000)
 Metaspace       used 84105K, capacity 87104K, committed 87384K, reserved 1124352K
  class space    used 10875K, capacity 11530K, committed 11648K, reserved 1048576K

